<?xml version="1.0" encoding="UTF-8"?>
<!-- Generated by org.testng.reporters.JUnitReportReporter -->
<testsuite hostname="LAPTOP-ISQ7MUIO" failures="0" tests="3" name="tests.LoginPageTest" time="13.090" errors="0" timestamp="29 Aug 2020 08:37:00 GMT" skipped="0">
  <testcase classname="tests.LoginPageTest" name="verifyLoginPageTitle" time="0.177"/>
  <testcase classname="tests.LoginPageTest" name="loginAsAdminWithINCorrectCreds" time="4.359"/>
  <testcase classname="tests.LoginPageTest" name="loginAsAdminWithCorrectCreds" time="8.554"/>
</testsuite> <!-- tests.LoginPageTest -->
