<?xml version="1.0" encoding="UTF-8"?>
<!-- Generated by org.testng.reporters.JUnitReportReporter -->
<testsuite hostname="LAPTOP-ISQ7MUIO" failures="0" tests="1" name="tests.DashboardPageTest" time="1.254" errors="0" timestamp="29 Aug 2020 08:37:00 GMT" skipped="0">
  <testcase classname="tests.DashboardPageTest" name="verifyUserAccountName" time="1.254"/>
</testsuite> <!-- tests.DashboardPageTest -->
